0 info it worked if it ends with ok
1 verbose cli [ '/usr/local/bin/node', '/usr/local/bin/npm', 'install' ]
2 info using npm@3.8.6
3 info using node@v6.0.0
4 silly loadCurrentTree Starting
5 silly install loadCurrentTree
6 silly install readLocalPackageData
7 silly install normalizeTree
8 silly loadCurrentTree Finishing
9 silly loadIdealTree Starting
10 silly install loadIdealTree
11 silly cloneCurrentTree Starting
12 silly install cloneCurrentTreeToIdealTree
13 silly cloneCurrentTree Finishing
14 silly loadShrinkwrap Starting
15 silly install loadShrinkwrap
16 silly loadShrinkwrap Finishing
17 silly loadAllDepsIntoIdealTree Starting
18 silly install loadAllDepsIntoIdealTree
19 silly fetchNamedPackageData web3
20 silly mapToRegistry name web3
21 silly mapToRegistry using default registry
22 silly mapToRegistry registry https://registry.npmjs.org/
23 silly mapToRegistry data Result {
23 silly mapToRegistry   raw: 'web3',
23 silly mapToRegistry   scope: null,
23 silly mapToRegistry   name: 'web3',
23 silly mapToRegistry   rawSpec: '',
23 silly mapToRegistry   spec: 'latest',
23 silly mapToRegistry   type: 'tag' }
24 silly mapToRegistry uri https://registry.npmjs.org/web3
25 verbose request uri https://registry.npmjs.org/web3
26 verbose request no auth needed
27 info attempt registry request try #1 at 19:03:41
28 verbose request id 5a9547bf22d9a13e
29 verbose etag "7D1J8JOQ17UPQOGB9PMTO0PX1"
30 http request GET https://registry.npmjs.org/web3
31 http 304 https://registry.npmjs.org/web3
32 verbose headers { date: 'Tue, 24 May 2016 22:03:41 GMT',
32 verbose headers   via: '1.1 varnish',
32 verbose headers   'cache-control': 'max-age=300',
32 verbose headers   etag: '"7D1J8JOQ17UPQOGB9PMTO0PX1"',
32 verbose headers   age: '0',
32 verbose headers   connection: 'keep-alive',
32 verbose headers   'x-served-by': 'cache-iad2140-IAD',
32 verbose headers   'x-cache': 'HIT',
32 verbose headers   'x-cache-hits': '1',
32 verbose headers   'x-timer': 'S1464127421.863893,VS0,VE18',
32 verbose headers   vary: 'Accept-Encoding' }
33 silly get cb [ 304,
33 silly get   { date: 'Tue, 24 May 2016 22:03:41 GMT',
33 silly get     via: '1.1 varnish',
33 silly get     'cache-control': 'max-age=300',
33 silly get     etag: '"7D1J8JOQ17UPQOGB9PMTO0PX1"',
33 silly get     age: '0',
33 silly get     connection: 'keep-alive',
33 silly get     'x-served-by': 'cache-iad2140-IAD',
33 silly get     'x-cache': 'HIT',
33 silly get     'x-cache-hits': '1',
33 silly get     'x-timer': 'S1464127421.863893,VS0,VE18',
33 silly get     vary: 'Accept-Encoding' } ]
34 verbose etag https://registry.npmjs.org/web3 from cache
35 verbose get saving web3 to /Users/alex/.npm/registry.npmjs.org/web3/.cache.json
36 verbose correctMkdir /Users/alex/.npm correctMkdir not in flight; initializing
37 silly resolveWithNewModule web3@0.15.3 checking installable status
38 silly cache add args [ 'web3@^0.15.3', null ]
39 verbose cache add spec web3@^0.15.3
40 silly cache add parsed spec Result {
40 silly cache add   raw: 'web3@^0.15.3',
40 silly cache add   scope: null,
40 silly cache add   name: 'web3',
40 silly cache add   rawSpec: '^0.15.3',
40 silly cache add   spec: '>=0.15.3 <0.16.0',
40 silly cache add   type: 'range' }
41 silly addNamed web3@>=0.15.3 <0.16.0
42 verbose addNamed ">=0.15.3 <0.16.0" is a valid semver range for web3
43 silly addNameRange { name: 'web3', range: '>=0.15.3 <0.16.0', hasData: false }
44 silly mapToRegistry name web3
45 silly mapToRegistry using default registry
46 silly mapToRegistry registry https://registry.npmjs.org/
47 silly mapToRegistry data Result {
47 silly mapToRegistry   raw: 'web3',
47 silly mapToRegistry   scope: null,
47 silly mapToRegistry   name: 'web3',
47 silly mapToRegistry   rawSpec: '',
47 silly mapToRegistry   spec: 'latest',
47 silly mapToRegistry   type: 'tag' }
48 silly mapToRegistry uri https://registry.npmjs.org/web3
49 verbose addNameRange registry:https://registry.npmjs.org/web3 not in flight; fetching
50 verbose get https://registry.npmjs.org/web3 not expired, no request
51 silly addNameRange number 2 { name: 'web3', range: '>=0.15.3 <0.16.0', hasData: true }
52 silly addNameRange versions [ 'web3',
52 silly addNameRange   [ '0.2.5',
52 silly addNameRange     '0.2.6',
52 silly addNameRange     '0.2.7',
52 silly addNameRange     '0.2.8',
52 silly addNameRange     '0.3.0',
52 silly addNameRange     '0.3.1',
52 silly addNameRange     '0.3.2',
52 silly addNameRange     '0.3.3',
52 silly addNameRange     '0.3.4',
52 silly addNameRange     '0.3.6',
52 silly addNameRange     '0.4.0',
52 silly addNameRange     '0.4.1',
52 silly addNameRange     '0.4.2',
52 silly addNameRange     '0.4.3',
52 silly addNameRange     '0.5.0',
52 silly addNameRange     '0.6.0',
52 silly addNameRange     '0.7.0',
52 silly addNameRange     '0.7.1',
52 silly addNameRange     '0.8.0',
52 silly addNameRange     '0.8.1',
52 silly addNameRange     '0.9.0',
52 silly addNameRange     '0.9.1',
52 silly addNameRange     '0.9.2',
52 silly addNameRange     '0.10.0',
52 silly addNameRange     '0.11.0',
52 silly addNameRange     '0.12.0',
52 silly addNameRange     '0.12.1',
52 silly addNameRange     '0.12.2',
52 silly addNameRange     '0.13.0',
52 silly addNameRange     '0.14.0',
52 silly addNameRange     '0.14.1',
52 silly addNameRange     '0.15.0',
52 silly addNameRange     '0.15.1',
52 silly addNameRange     '0.15.2',
52 silly addNameRange     '0.15.3',
52 silly addNameRange     '0.16.0' ] ]
53 silly addNamed web3@0.15.3
54 verbose addNamed "0.15.3" is a plain semver version for web3
55 silly cache afterAdd web3@0.15.3
56 verbose afterAdd /Users/alex/.npm/web3/0.15.3/package/package.json not in flight; writing
57 verbose correctMkdir /Users/alex/.npm correctMkdir not in flight; initializing
58 verbose afterAdd /Users/alex/.npm/web3/0.15.3/package/package.json written
59 silly fetchNamedPackageData crypto-js
60 silly mapToRegistry name crypto-js
61 silly mapToRegistry using default registry
62 silly mapToRegistry registry https://registry.npmjs.org/
63 silly mapToRegistry data Result {
63 silly mapToRegistry   raw: 'crypto-js',
63 silly mapToRegistry   scope: null,
63 silly mapToRegistry   name: 'crypto-js',
63 silly mapToRegistry   rawSpec: '',
63 silly mapToRegistry   spec: 'latest',
63 silly mapToRegistry   type: 'tag' }
64 silly mapToRegistry uri https://registry.npmjs.org/crypto-js
65 silly fetchNamedPackageData utf8
66 silly mapToRegistry name utf8
67 silly mapToRegistry using default registry
68 silly mapToRegistry registry https://registry.npmjs.org/
69 silly mapToRegistry data Result {
69 silly mapToRegistry   raw: 'utf8',
69 silly mapToRegistry   scope: null,
69 silly mapToRegistry   name: 'utf8',
69 silly mapToRegistry   rawSpec: '',
69 silly mapToRegistry   spec: 'latest',
69 silly mapToRegistry   type: 'tag' }
70 silly mapToRegistry uri https://registry.npmjs.org/utf8
71 silly fetchNamedPackageData xmlhttprequest
72 silly mapToRegistry name xmlhttprequest
73 silly mapToRegistry using default registry
74 silly mapToRegistry registry https://registry.npmjs.org/
75 silly mapToRegistry data Result {
75 silly mapToRegistry   raw: 'xmlhttprequest',
75 silly mapToRegistry   scope: null,
75 silly mapToRegistry   name: 'xmlhttprequest',
75 silly mapToRegistry   rawSpec: '',
75 silly mapToRegistry   spec: 'latest',
75 silly mapToRegistry   type: 'tag' }
76 silly mapToRegistry uri https://registry.npmjs.org/xmlhttprequest
77 silly fetchOtherPackageData bignumber.js@git+https://github.com/debris/bignumber.js.git#master
78 silly cache add args [ 'bignumber.js@git+https://github.com/debris/bignumber.js.git#master',
78 silly cache add   null ]
79 verbose cache add spec bignumber.js@git+https://github.com/debris/bignumber.js.git#master
80 silly cache add parsed spec Result {
80 silly cache add   raw: 'bignumber.js@git+https://github.com/debris/bignumber.js.git#master',
80 silly cache add   scope: null,
80 silly cache add   name: 'bignumber.js',
80 silly cache add   rawSpec: 'git+https://github.com/debris/bignumber.js.git#master',
80 silly cache add   spec: 'git+https://github.com/debris/bignumber.js.git#master',
80 silly cache add   type: 'hosted',
80 silly cache add   hosted:
80 silly cache add    { type: 'github',
80 silly cache add      ssh: 'git@github.com:debris/bignumber.js.git#master',
80 silly cache add      sshUrl: 'git+ssh://git@github.com/debris/bignumber.js.git#master',
80 silly cache add      httpsUrl: 'git+https://github.com/debris/bignumber.js.git#master',
80 silly cache add      gitUrl: 'git://github.com/debris/bignumber.js.git#master',
80 silly cache add      shortcut: 'github:debris/bignumber.js#master',
80 silly cache add      directUrl: 'https://raw.githubusercontent.com/debris/bignumber.js/master/package.json' } }
81 verbose addRemoteGit caching git+https://github.com/debris/bignumber.js.git#master
82 verbose addRemoteGit git+https://github.com/debris/bignumber.js.git#master is a repository hosted by github
83 silly tryClone cloning git+https://github.com/debris/bignumber.js.git#master via git+https://github.com/debris/bignumber.js.git#master
84 verbose tryClone git-https-github-com-debris-bignumber-js-git-master-df3f1ce1 not in flight; caching
85 verbose correctMkdir /Users/alex/.npm/_git-remotes correctMkdir not in flight; initializing
86 verbose request uri https://registry.npmjs.org/utf8
87 verbose request no auth needed
88 info attempt registry request try #1 at 19:03:42
89 verbose etag "EEDBHS2WAMIQLRCJY6WZ5VNGI"
90 http request GET https://registry.npmjs.org/utf8
91 verbose request uri https://registry.npmjs.org/xmlhttprequest
92 verbose request no auth needed
93 info attempt registry request try #1 at 19:03:42
94 verbose etag "6694FR45GTPIXY0I69BLEIF0M"
95 http request GET https://registry.npmjs.org/xmlhttprequest
96 verbose request uri https://registry.npmjs.org/crypto-js
97 verbose request no auth needed
98 info attempt registry request try #1 at 19:03:42
99 verbose etag "DBQYFOFW7IKW422AFR5L6EKH3"
100 http request GET https://registry.npmjs.org/crypto-js
101 info git [ 'config', '--get', 'remote.origin.url' ]
102 silly validateExistingRemote git+https://github.com/debris/bignumber.js.git#master remote.origin.url: https://github.com/debris/bignumber.js.git
103 verbose validateExistingRemote git+https://github.com/debris/bignumber.js.git#master is updating existing cached remote /Users/alex/.npm/_git-remotes/git-https-github-com-debris-bignumber-js-git-master-df3f1ce1
104 info git [ 'fetch', '-a', 'origin' ]
105 http 200 https://registry.npmjs.org/utf8
106 verbose headers { server: 'CouchDB/1.5.0 (Erlang OTP/R16B03)',
106 verbose headers   etag: '"597BSZNM25BEWLOUA8VKDEWC9"',
106 verbose headers   'content-type': 'application/json',
106 verbose headers   'content-encoding': 'gzip',
106 verbose headers   'cache-control': 'max-age=300',
106 verbose headers   'content-length': '3583',
106 verbose headers   'accept-ranges': 'bytes',
106 verbose headers   date: 'Tue, 24 May 2016 22:03:42 GMT',
106 verbose headers   via: '1.1 varnish',
106 verbose headers   age: '232',
106 verbose headers   connection: 'keep-alive',
106 verbose headers   'x-served-by': 'cache-iad2140-IAD',
106 verbose headers   'x-cache': 'HIT',
106 verbose headers   'x-cache-hits': '3',
106 verbose headers   'x-timer': 'S1464127422.223909,VS0,VE0',
106 verbose headers   vary: 'Accept-Encoding' }
107 silly get cb [ 200,
107 silly get   { server: 'CouchDB/1.5.0 (Erlang OTP/R16B03)',
107 silly get     etag: '"597BSZNM25BEWLOUA8VKDEWC9"',
107 silly get     'content-type': 'application/json',
107 silly get     'content-encoding': 'gzip',
107 silly get     'cache-control': 'max-age=300',
107 silly get     'content-length': '3583',
107 silly get     'accept-ranges': 'bytes',
107 silly get     date: 'Tue, 24 May 2016 22:03:42 GMT',
107 silly get     via: '1.1 varnish',
107 silly get     age: '232',
107 silly get     connection: 'keep-alive',
107 silly get     'x-served-by': 'cache-iad2140-IAD',
107 silly get     'x-cache': 'HIT',
107 silly get     'x-cache-hits': '3',
107 silly get     'x-timer': 'S1464127422.223909,VS0,VE0',
107 silly get     vary: 'Accept-Encoding' } ]
108 verbose get saving utf8 to /Users/alex/.npm/registry.npmjs.org/utf8/.cache.json
109 verbose correctMkdir /Users/alex/.npm correctMkdir not in flight; initializing
110 silly resolveWithNewModule utf8@2.1.1 checking installable status
111 silly cache add args [ 'utf8@^2.1.1', null ]
112 verbose cache add spec utf8@^2.1.1
113 silly cache add parsed spec Result {
113 silly cache add   raw: 'utf8@^2.1.1',
113 silly cache add   scope: null,
113 silly cache add   name: 'utf8',
113 silly cache add   rawSpec: '^2.1.1',
113 silly cache add   spec: '>=2.1.1 <3.0.0',
113 silly cache add   type: 'range' }
114 silly addNamed utf8@>=2.1.1 <3.0.0
115 verbose addNamed ">=2.1.1 <3.0.0" is a valid semver range for utf8
116 silly addNameRange { name: 'utf8', range: '>=2.1.1 <3.0.0', hasData: false }
117 silly mapToRegistry name utf8
118 silly mapToRegistry using default registry
119 silly mapToRegistry registry https://registry.npmjs.org/
120 silly mapToRegistry data Result {
120 silly mapToRegistry   raw: 'utf8',
120 silly mapToRegistry   scope: null,
120 silly mapToRegistry   name: 'utf8',
120 silly mapToRegistry   rawSpec: '',
120 silly mapToRegistry   spec: 'latest',
120 silly mapToRegistry   type: 'tag' }
121 silly mapToRegistry uri https://registry.npmjs.org/utf8
122 verbose addNameRange registry:https://registry.npmjs.org/utf8 not in flight; fetching
123 verbose get https://registry.npmjs.org/utf8 not expired, no request
124 silly addNameRange number 2 { name: 'utf8', range: '>=2.1.1 <3.0.0', hasData: true }
125 silly addNameRange versions [ 'utf8', [ '1.0.0', '2.0.0', '2.1.0', '2.1.1' ] ]
126 silly addNamed utf8@2.1.1
127 verbose addNamed "2.1.1" is a plain semver version for utf8
128 silly cache afterAdd utf8@2.1.1
129 verbose afterAdd /Users/alex/.npm/utf8/2.1.1/package/package.json not in flight; writing
130 verbose correctMkdir /Users/alex/.npm correctMkdir not in flight; initializing
131 verbose afterAdd /Users/alex/.npm/utf8/2.1.1/package/package.json written
132 http 304 https://registry.npmjs.org/crypto-js
133 verbose headers { date: 'Tue, 24 May 2016 22:03:42 GMT',
133 verbose headers   via: '1.1 varnish',
133 verbose headers   'cache-control': 'max-age=300',
133 verbose headers   etag: '"DBQYFOFW7IKW422AFR5L6EKH3"',
133 verbose headers   age: '67',
133 verbose headers   connection: 'keep-alive',
133 verbose headers   'x-served-by': 'cache-iad2128-IAD',
133 verbose headers   'x-cache': 'HIT',
133 verbose headers   'x-cache-hits': '1',
133 verbose headers   'x-timer': 'S1464127422.491667,VS0,VE0',
133 verbose headers   vary: 'Accept-Encoding' }
134 silly get cb [ 304,
134 silly get   { date: 'Tue, 24 May 2016 22:03:42 GMT',
134 silly get     via: '1.1 varnish',
134 silly get     'cache-control': 'max-age=300',
134 silly get     etag: '"DBQYFOFW7IKW422AFR5L6EKH3"',
134 silly get     age: '67',
134 silly get     connection: 'keep-alive',
134 silly get     'x-served-by': 'cache-iad2128-IAD',
134 silly get     'x-cache': 'HIT',
134 silly get     'x-cache-hits': '1',
134 silly get     'x-timer': 'S1464127422.491667,VS0,VE0',
134 silly get     vary: 'Accept-Encoding' } ]
135 verbose etag https://registry.npmjs.org/crypto-js from cache
136 verbose get saving crypto-js to /Users/alex/.npm/registry.npmjs.org/crypto-js/.cache.json
137 verbose correctMkdir /Users/alex/.npm correctMkdir not in flight; initializing
138 http 304 https://registry.npmjs.org/xmlhttprequest
139 verbose headers { date: 'Tue, 24 May 2016 22:03:42 GMT',
139 verbose headers   via: '1.1 varnish',
139 verbose headers   'cache-control': 'max-age=300',
139 verbose headers   etag: '"6694FR45GTPIXY0I69BLEIF0M"',
139 verbose headers   age: '6',
139 verbose headers   connection: 'keep-alive',
139 verbose headers   'x-served-by': 'cache-iad2135-IAD',
139 verbose headers   'x-cache': 'HIT',
139 verbose headers   'x-cache-hits': '1',
139 verbose headers   'x-timer': 'S1464127422.497717,VS0,VE0',
139 verbose headers   vary: 'Accept-Encoding' }
140 silly get cb [ 304,
140 silly get   { date: 'Tue, 24 May 2016 22:03:42 GMT',
140 silly get     via: '1.1 varnish',
140 silly get     'cache-control': 'max-age=300',
140 silly get     etag: '"6694FR45GTPIXY0I69BLEIF0M"',
140 silly get     age: '6',
140 silly get     connection: 'keep-alive',
140 silly get     'x-served-by': 'cache-iad2135-IAD',
140 silly get     'x-cache': 'HIT',
140 silly get     'x-cache-hits': '1',
140 silly get     'x-timer': 'S1464127422.497717,VS0,VE0',
140 silly get     vary: 'Accept-Encoding' } ]
141 verbose etag https://registry.npmjs.org/xmlhttprequest from cache
142 verbose get saving xmlhttprequest to /Users/alex/.npm/registry.npmjs.org/xmlhttprequest/.cache.json
143 verbose correctMkdir /Users/alex/.npm correctMkdir not in flight; initializing
144 silly resolveWithNewModule crypto-js@3.1.6 checking installable status
145 silly cache add args [ 'crypto-js@^3.1.4', null ]
146 verbose cache add spec crypto-js@^3.1.4
147 silly cache add parsed spec Result {
147 silly cache add   raw: 'crypto-js@^3.1.4',
147 silly cache add   scope: null,
147 silly cache add   name: 'crypto-js',
147 silly cache add   rawSpec: '^3.1.4',
147 silly cache add   spec: '>=3.1.4 <4.0.0',
147 silly cache add   type: 'range' }
148 silly addNamed crypto-js@>=3.1.4 <4.0.0
149 verbose addNamed ">=3.1.4 <4.0.0" is a valid semver range for crypto-js
150 silly addNameRange { name: 'crypto-js', range: '>=3.1.4 <4.0.0', hasData: false }
151 silly mapToRegistry name crypto-js
152 silly mapToRegistry using default registry
153 silly mapToRegistry registry https://registry.npmjs.org/
154 silly mapToRegistry data Result {
154 silly mapToRegistry   raw: 'crypto-js',
154 silly mapToRegistry   scope: null,
154 silly mapToRegistry   name: 'crypto-js',
154 silly mapToRegistry   rawSpec: '',
154 silly mapToRegistry   spec: 'latest',
154 silly mapToRegistry   type: 'tag' }
155 silly mapToRegistry uri https://registry.npmjs.org/crypto-js
156 verbose addNameRange registry:https://registry.npmjs.org/crypto-js not in flight; fetching
157 verbose get https://registry.npmjs.org/crypto-js not expired, no request
158 silly addNameRange number 2 { name: 'crypto-js', range: '>=3.1.4 <4.0.0', hasData: true }
159 silly addNameRange versions [ 'crypto-js',
159 silly addNameRange   [ '3.1.2',
159 silly addNameRange     '3.1.2-1',
159 silly addNameRange     '3.1.2-2',
159 silly addNameRange     '3.1.2-3',
159 silly addNameRange     '3.1.2-4',
159 silly addNameRange     '3.1.2-5',
159 silly addNameRange     '3.1.2-6',
159 silly addNameRange     '3.1.4',
159 silly addNameRange     '3.1.5',
159 silly addNameRange     '3.1.6' ] ]
160 silly addNamed crypto-js@3.1.6
161 verbose addNamed "3.1.6" is a plain semver version for crypto-js
162 silly resolveWithNewModule xmlhttprequest@1.8.0 checking installable status
163 silly cache add args [ 'xmlhttprequest@*', null ]
164 verbose cache add spec xmlhttprequest@*
165 silly cache add parsed spec Result {
165 silly cache add   raw: 'xmlhttprequest@*',
165 silly cache add   scope: null,
165 silly cache add   name: 'xmlhttprequest',
165 silly cache add   rawSpec: '*',
165 silly cache add   spec: '*',
165 silly cache add   type: 'range' }
166 silly addNamed xmlhttprequest@*
167 verbose addNamed "*" is a valid semver range for xmlhttprequest
168 silly addNameRange { name: 'xmlhttprequest', range: '*', hasData: false }
169 silly mapToRegistry name xmlhttprequest
170 silly mapToRegistry using default registry
171 silly mapToRegistry registry https://registry.npmjs.org/
172 silly mapToRegistry data Result {
172 silly mapToRegistry   raw: 'xmlhttprequest',
172 silly mapToRegistry   scope: null,
172 silly mapToRegistry   name: 'xmlhttprequest',
172 silly mapToRegistry   rawSpec: '',
172 silly mapToRegistry   spec: 'latest',
172 silly mapToRegistry   type: 'tag' }
173 silly mapToRegistry uri https://registry.npmjs.org/xmlhttprequest
174 verbose addNameRange registry:https://registry.npmjs.org/xmlhttprequest not in flight; fetching
175 silly cache afterAdd crypto-js@3.1.6
176 verbose afterAdd /Users/alex/.npm/crypto-js/3.1.6/package/package.json not in flight; writing
177 verbose correctMkdir /Users/alex/.npm correctMkdir not in flight; initializing
178 verbose get https://registry.npmjs.org/xmlhttprequest not expired, no request
179 silly addNameRange number 2 { name: 'xmlhttprequest', range: '*', hasData: true }
180 silly addNameRange versions [ 'xmlhttprequest',
180 silly addNameRange   [ '1.0.0',
180 silly addNameRange     '1.2.0',
180 silly addNameRange     '1.2.1',
180 silly addNameRange     '1.2.2',
180 silly addNameRange     '1.3.0',
180 silly addNameRange     '1.4.0',
180 silly addNameRange     '1.4.2',
180 silly addNameRange     '1.5.0',
180 silly addNameRange     '1.6.0',
180 silly addNameRange     '1.7.0',
180 silly addNameRange     '1.8.0' ] ]
181 silly addNamed xmlhttprequest@1.8.0
182 verbose addNamed "1.8.0" is a plain semver version for xmlhttprequest
183 verbose afterAdd /Users/alex/.npm/crypto-js/3.1.6/package/package.json written
184 silly cache afterAdd xmlhttprequest@1.8.0
185 verbose afterAdd /Users/alex/.npm/xmlhttprequest/1.8.0/package/package.json not in flight; writing
186 verbose correctMkdir /Users/alex/.npm correctMkdir not in flight; initializing
187 verbose afterAdd /Users/alex/.npm/xmlhttprequest/1.8.0/package/package.json written
188 verbose updateRemote git fetch -a origin (https://github.com/debris/bignumber.js.git)
189 verbose correctMkdir /Users/alex/.npm/_git-remotes correctMkdir not in flight; initializing
190 verbose setPermissions git+https://github.com/debris/bignumber.js.git#master set permissions on /Users/alex/.npm/_git-remotes/git-https-github-com-debris-bignumber-js-git-master-df3f1ce1
191 verbose resolveHead git+https://github.com/debris/bignumber.js.git#master original treeish: master
192 info git [ 'rev-list', '-n1', 'master' ]
193 silly resolveHead git+https://github.com/debris/bignumber.js.git#master resolved treeish: 94d7146671b9719e00a09c29b01a691bc85048c2
194 verbose resolveHead git+https://github.com/debris/bignumber.js.git#master resolved Git URL: git+https://github.com/debris/bignumber.js.git#94d7146671b9719e00a09c29b01a691bc85048c2
195 silly resolveHead Git working directory: /var/folders/_l/drxmkh_n77l29djstrxqz32w0000gn/T/npm-18243-f2bf5f0f/git-cache-a5dc1ad1/94d7146671b9719e00a09c29b01a691bc85048c2
196 info git [ 'clone',
196 info git   '/Users/alex/.npm/_git-remotes/git-https-github-com-debris-bignumber-js-git-master-df3f1ce1',
196 info git   '/var/folders/_l/drxmkh_n77l29djstrxqz32w0000gn/T/npm-18243-f2bf5f0f/git-cache-a5dc1ad1/94d7146671b9719e00a09c29b01a691bc85048c2' ]
197 verbose cloneResolved git+https://github.com/debris/bignumber.js.git#master clone Cloning into '/var/folders/_l/drxmkh_n77l29djstrxqz32w0000gn/T/npm-18243-f2bf5f0f/git-cache-a5dc1ad1/94d7146671b9719e00a09c29b01a691bc85048c2'...
197 verbose cloneResolved done.
198 info git [ 'checkout', '94d7146671b9719e00a09c29b01a691bc85048c2' ]
199 verbose checkoutTreeish git+https://github.com/debris/bignumber.js.git#master checkout Note: checking out '94d7146671b9719e00a09c29b01a691bc85048c2'.
199 verbose checkoutTreeish
199 verbose checkoutTreeish You are in 'detached HEAD' state. You can look around, make experimental
199 verbose checkoutTreeish changes and commit them, and you can discard any commits you make in this
199 verbose checkoutTreeish state without impacting any branches by performing another checkout.
199 verbose checkoutTreeish
199 verbose checkoutTreeish If you want to create a new branch to retain commits you create, you may
199 verbose checkoutTreeish do so (now or later) by using -b with the checkout command again. Example:
199 verbose checkoutTreeish
199 verbose checkoutTreeish   git checkout -b <new-branch-name>
199 verbose checkoutTreeish
199 verbose checkoutTreeish HEAD is now at 94d7146... remove redundant lookaheads
200 info git [ 'submodule', '-q', 'update', '--init', '--recursive' ]
201 verbose updateSubmodules git+https://github.com/debris/bignumber.js.git#master submodule update
202 verbose addLocalDirectory /Users/alex/.npm/bignumber.js/2.0.7/package.tgz not in flight; packing
203 verbose correctMkdir /Users/alex/.npm correctMkdir not in flight; initializing
204 verbose tar pack [ '/Users/alex/.npm/bignumber.js/2.0.7/package.tgz',
204 verbose tar pack   '/var/folders/_l/drxmkh_n77l29djstrxqz32w0000gn/T/npm-18243-f2bf5f0f/git-cache-a5dc1ad1/94d7146671b9719e00a09c29b01a691bc85048c2' ]
205 verbose tarball /Users/alex/.npm/bignumber.js/2.0.7/package.tgz
206 verbose folder /var/folders/_l/drxmkh_n77l29djstrxqz32w0000gn/T/npm-18243-f2bf5f0f/git-cache-a5dc1ad1/94d7146671b9719e00a09c29b01a691bc85048c2
207 verbose addLocalTarball adding from inside cache /Users/alex/.npm/bignumber.js/2.0.7/package.tgz
208 verbose correctMkdir /Users/alex/.npm correctMkdir not in flight; initializing
209 verbose addRemoteGit data._from: git+https://github.com/debris/bignumber.js.git#master
210 verbose addRemoteGit data._resolved: git+https://github.com/debris/bignumber.js.git#94d7146671b9719e00a09c29b01a691bc85048c2
211 silly cache afterAdd bignumber.js@2.0.7
212 verbose afterAdd /Users/alex/.npm/bignumber.js/2.0.7/package/package.json not in flight; writing
213 verbose correctMkdir /Users/alex/.npm correctMkdir not in flight; initializing
214 verbose afterAdd /Users/alex/.npm/bignumber.js/2.0.7/package/package.json written
215 silly resolveWithNewModule bignumber.js@2.0.7 checking installable status
216 silly loadAllDepsIntoIdealTree Finishing
217 silly idealTree:prePrune Mist@0.7.4
217 silly idealTree:prePrune ├── abbrev@1.0.7
217 silly idealTree:prePrune ├── ansi-regex@2.0.0
217 silly idealTree:prePrune ├── ansi-styles@2.2.1
217 silly idealTree:prePrune ├── archy@1.0.0
217 silly idealTree:prePrune ├── array-differ@1.0.0
217 silly idealTree:prePrune ├── array-find-index@1.0.1
217 silly idealTree:prePrune ├── array-union@1.0.1
217 silly idealTree:prePrune ├── array-uniq@1.0.2
217 silly idealTree:prePrune ├── asn1@0.1.11
217 silly idealTree:prePrune ├── assert-plus@0.1.5
217 silly idealTree:prePrune ├── async@1.5.2
217 silly idealTree:prePrune ├── aws-sign2@0.5.0
217 silly idealTree:prePrune ├── balanced-match@0.4.1
217 silly idealTree:prePrune ├── base64-js@0.0.8
217 silly idealTree:prePrune ├── beeper@1.1.0
217 silly idealTree:prePrune ├── bignumber.js@2.3.0
217 silly idealTree:prePrune ├── binary@0.3.0
217 silly idealTree:prePrune ├── binaryextensions@1.0.1
217 silly idealTree:prePrune ├── bl@0.9.5
217 silly idealTree:prePrune ├── bluebird@3.3.5
217 silly idealTree:prePrune ├── boom@2.10.1
217 silly idealTree:prePrune ├── brace-expansion@1.1.4
217 silly idealTree:prePrune ├── buffer-crc32@0.2.5
217 silly idealTree:prePrune ├── buffers@0.1.1
217 silly idealTree:prePrune ├── builtin-modules@1.1.1
217 silly idealTree:prePrune ├── camelcase-keys@2.1.0
217 silly idealTree:prePrune ├── camelcase@2.1.1
217 silly idealTree:prePrune ├── caseless@0.9.0
217 silly idealTree:prePrune ├── chainsaw@0.1.0
217 silly idealTree:prePrune ├── chalk@1.1.3
217 silly idealTree:prePrune ├── chromium-pickle-js@0.1.0
217 silly idealTree:prePrune ├── cliui@3.2.0
217 silly idealTree:prePrune ├── clone-stats@0.0.1
217 silly idealTree:prePrune ├── clone@1.0.2
217 silly idealTree:prePrune ├── code-point-at@1.0.0
217 silly idealTree:prePrune ├── combined-stream@0.0.7
217 silly idealTree:prePrune ├── concat-map@0.0.1
217 silly idealTree:prePrune ├─┬ concat-stream@1.5.0
217 silly idealTree:prePrune │ ├── isarray@1.0.0
217 silly idealTree:prePrune │ └── readable-stream@2.0.6
217 silly idealTree:prePrune ├── core-util-is@1.0.2
217 silly idealTree:prePrune ├── cryptiles@2.0.5
217 silly idealTree:prePrune ├── crypto-js@3.1.6
217 silly idealTree:prePrune ├── ctype@0.5.3
217 silly idealTree:prePrune ├── dateformat@1.0.12
217 silly idealTree:prePrune ├── debug@2.2.0
217 silly idealTree:prePrune ├── decamelize@1.2.0
217 silly idealTree:prePrune ├── deep-extend@0.4.1
217 silly idealTree:prePrune ├── defaults@1.0.3
217 silly idealTree:prePrune ├─┬ del@1.2.1
217 silly idealTree:prePrune │ └── object-assign@3.0.0
217 silly idealTree:prePrune ├── delayed-stream@0.0.5
217 silly idealTree:prePrune ├── deprecated@0.0.1
217 silly idealTree:prePrune ├─┬ duplexer2@0.0.2
217 silly idealTree:prePrune │ └── readable-stream@1.1.14
217 silly idealTree:prePrune ├── each-async@1.1.1
217 silly idealTree:prePrune ├─┬ easy-zip@0.0.4
217 silly idealTree:prePrune │ └── async@2.0.0-rc.4
217 silly idealTree:prePrune ├─┬ electron-download@1.4.1
217 silly idealTree:prePrune │ └── path-exists@1.0.0
217 silly idealTree:prePrune ├─┬ electron-packager@5.2.1
217 silly idealTree:prePrune │ ├── asar@0.8.3
217 silly idealTree:prePrune │ ├── commander@2.3.0
217 silly idealTree:prePrune │ ├── cuint@0.1.5
217 silly idealTree:prePrune │ ├── decompress-zip@0.1.0
217 silly idealTree:prePrune │ ├── fs-extra@0.18.2
217 silly idealTree:prePrune │ ├── graceful-fs@3.0.8
217 silly idealTree:prePrune │ ├── minimatch@2.0.4
217 silly idealTree:prePrune │ ├── mksnapshot@0.1.0
217 silly idealTree:prePrune │ └── readable-stream@1.1.14
217 silly idealTree:prePrune ├── end-of-stream@0.1.5
217 silly idealTree:prePrune ├── error-ex@1.3.0
217 silly idealTree:prePrune ├── escape-string-regexp@1.0.5
217 silly idealTree:prePrune ├── extend@2.0.1
217 silly idealTree:prePrune ├─┬ extract-zip@1.5.0
217 silly idealTree:prePrune │ ├── debug@0.7.4
217 silly idealTree:prePrune │ ├── minimist@0.0.8
217 silly idealTree:prePrune │ └── mkdirp@0.5.0
217 silly idealTree:prePrune ├── fancy-log@1.2.0
217 silly idealTree:prePrune ├── fd-slicer@1.0.1
217 silly idealTree:prePrune ├── find-index@0.1.1
217 silly idealTree:prePrune ├── find-up@1.1.2
217 silly idealTree:prePrune ├── findup-sync@0.3.0
217 silly idealTree:prePrune ├── first-chunk-stream@1.0.0
217 silly idealTree:prePrune ├── flagged-respawn@0.3.2
217 silly idealTree:prePrune ├── forever-agent@0.6.1
217 silly idealTree:prePrune ├─┬ form-data@0.2.0
217 silly idealTree:prePrune │ └── async@0.9.2
217 silly idealTree:prePrune ├── gaze@0.5.2
217 silly idealTree:prePrune ├── generate-function@2.0.0
217 silly idealTree:prePrune ├── generate-object-property@1.2.0
217 silly idealTree:prePrune ├─┬ get-package-info@0.0.2
217 silly idealTree:prePrune │ └── bluebird@3.3.5
217 silly idealTree:prePrune ├── get-stdin@4.0.1
217 silly idealTree:prePrune ├─┬ glob-stream@3.1.18
217 silly idealTree:prePrune │ ├── glob@4.5.3
217 silly idealTree:prePrune │ ├── minimatch@2.0.10
217 silly idealTree:prePrune │ └── through2@0.6.5
217 silly idealTree:prePrune ├── glob-watcher@0.0.6
217 silly idealTree:prePrune ├── glob@5.0.15
217 silly idealTree:prePrune ├── glob2base@0.0.12
217 silly idealTree:prePrune ├─┬ globby@2.1.0
217 silly idealTree:prePrune │ └── object-assign@3.0.0
217 silly idealTree:prePrune ├─┬ globule@0.1.0
217 silly idealTree:prePrune │ ├── glob@3.1.21
217 silly idealTree:prePrune │ ├── graceful-fs@1.2.3
217 silly idealTree:prePrune │ ├── inherits@1.0.2
217 silly idealTree:prePrune │ ├── lodash@1.0.2
217 silly idealTree:prePrune │ └── minimatch@0.2.14
217 silly idealTree:prePrune ├── glogg@1.0.0
217 silly idealTree:prePrune ├── graceful-fs@4.1.4
217 silly idealTree:prePrune ├── graceful-readlink@1.0.1
217 silly idealTree:prePrune ├─┬ gulp-jszip@0.1.2
217 silly idealTree:prePrune │ ├── ansi-regex@0.2.1
217 silly idealTree:prePrune │ ├── ansi-styles@1.1.0
217 silly idealTree:prePrune │ ├── chalk@0.5.1
217 silly idealTree:prePrune │ ├── fs-extra@0.12.0
217 silly idealTree:prePrune │ ├── has-ansi@0.1.0
217 silly idealTree:prePrune │ ├── ncp@0.6.0
217 silly idealTree:prePrune │ ├── strip-ansi@0.3.0
217 silly idealTree:prePrune │ ├── supports-color@0.2.0
217 silly idealTree:prePrune │ └── through2@0.6.5
217 silly idealTree:prePrune ├── gulp-rename@1.2.2
217 silly idealTree:prePrune ├─┬ gulp-replace@0.5.4
217 silly idealTree:prePrune │ ├── isarray@1.0.0
217 silly idealTree:prePrune │ └── readable-stream@2.1.2
217 silly idealTree:prePrune ├─┬ gulp-util@3.0.7
217 silly idealTree:prePrune │ ├── isarray@1.0.0
217 silly idealTree:prePrune │ ├── object-assign@3.0.0
217 silly idealTree:prePrune │ ├── readable-stream@2.0.6
217 silly idealTree:prePrune │ └── through2@2.0.1
217 silly idealTree:prePrune ├─┬ gulp-zip@3.2.0
217 silly idealTree:prePrune │ ├── isarray@1.0.0
217 silly idealTree:prePrune │ ├── readable-stream@2.0.6
217 silly idealTree:prePrune │ └── through2@2.0.1
217 silly idealTree:prePrune ├── gulp@3.9.1
217 silly idealTree:prePrune ├── gulplog@1.0.0
217 silly idealTree:prePrune ├─┬ har-validator@1.8.0
217 silly idealTree:prePrune │ ├── bluebird@2.10.2
217 silly idealTree:prePrune │ └── commander@2.9.0
217 silly idealTree:prePrune ├── has-ansi@2.0.0
217 silly idealTree:prePrune ├── has-gulplog@0.1.0
217 silly idealTree:prePrune ├── hawk@2.3.1
217 silly idealTree:prePrune ├── hoek@2.16.3
217 silly idealTree:prePrune ├── home-path@1.0.3
217 silly idealTree:prePrune ├── hosted-git-info@2.1.4
217 silly idealTree:prePrune ├── http-signature@0.10.1
217 silly idealTree:prePrune ├── i18next@2.5.1
217 silly idealTree:prePrune ├── indent-string@2.1.0
217 silly idealTree:prePrune ├── inflight@1.0.4
217 silly idealTree:prePrune ├── inherits@2.0.1
217 silly idealTree:prePrune ├── ini@1.3.4
217 silly idealTree:prePrune ├── interpret@1.0.1
217 silly idealTree:prePrune ├── invert-kv@1.0.0
217 silly idealTree:prePrune ├── is-arrayish@0.2.1
217 silly idealTree:prePrune ├── is-builtin-module@1.0.0
217 silly idealTree:prePrune ├── is-finite@1.0.1
217 silly idealTree:prePrune ├── is-fullwidth-code-point@1.0.0
217 silly idealTree:prePrune ├── is-my-json-valid@2.13.1
217 silly idealTree:prePrune ├── is-path-cwd@1.0.0
217 silly idealTree:prePrune ├── is-path-in-cwd@1.0.0
217 silly idealTree:prePrune ├── is-path-inside@1.0.0
217 silly idealTree:prePrune ├── is-property@1.0.2
217 silly idealTree:prePrune ├── is-utf8@0.2.1
217 silly idealTree:prePrune ├── isarray@0.0.1
217 silly idealTree:prePrune ├── isstream@0.1.2
217 silly idealTree:prePrune ├── istextorbinary@1.0.2
217 silly idealTree:prePrune ├── json-stringify-safe@5.0.1
217 silly idealTree:prePrune ├── jsonfile@2.3.0
217 silly idealTree:prePrune ├── jsonpointer@2.0.0
217 silly idealTree:prePrune ├── jszip@2.6.0
217 silly idealTree:prePrune ├── lcid@1.0.0
217 silly idealTree:prePrune ├── liftoff@2.2.1
217 silly idealTree:prePrune ├── load-json-file@1.1.0
217 silly idealTree:prePrune ├── lodash._basecopy@3.0.1
217 silly idealTree:prePrune ├── lodash._basetostring@3.0.1
217 silly idealTree:prePrune ├── lodash._basevalues@3.0.0
217 silly idealTree:prePrune ├── lodash._getnative@3.9.1
217 silly idealTree:prePrune ├── lodash._isiterateecall@3.0.9
217 silly idealTree:prePrune ├── lodash._reescape@3.0.0
217 silly idealTree:prePrune ├── lodash._reevaluate@3.0.0
217 silly idealTree:prePrune ├── lodash._reinterpolate@3.0.0
217 silly idealTree:prePrune ├── lodash._root@3.0.1
217 silly idealTree:prePrune ├── lodash._stringtopath@4.7.1
217 silly idealTree:prePrune ├── lodash.assign@4.0.8
217 silly idealTree:prePrune ├── lodash.escape@3.2.0
217 silly idealTree:prePrune ├── lodash.get@4.2.1
217 silly idealTree:prePrune ├── lodash.isarguments@3.0.8
217 silly idealTree:prePrune ├── lodash.isarray@3.0.4
217 silly idealTree:prePrune ├── lodash.keys@4.0.6
217 silly idealTree:prePrune ├── lodash.rest@4.0.2
217 silly idealTree:prePrune ├── lodash.restparam@3.6.1
217 silly idealTree:prePrune ├─┬ lodash.template@3.6.2
217 silly idealTree:prePrune │ └── lodash.keys@3.1.2
217 silly idealTree:prePrune ├── lodash.templatesettings@3.1.1
217 silly idealTree:prePrune ├── lodash@4.12.0
217 silly idealTree:prePrune ├── log-rotate@0.2.7
217 silly idealTree:prePrune ├── log4js@0.6.36
217 silly idealTree:prePrune ├── loud-rejection@1.3.0
217 silly idealTree:prePrune ├── lru-cache@2.7.3
217 silly idealTree:prePrune ├── map-obj@1.0.1
217 silly idealTree:prePrune ├── meow@3.7.0
217 silly idealTree:prePrune ├─┬ merge-stream@1.0.0
217 silly idealTree:prePrune │ ├── isarray@1.0.0
217 silly idealTree:prePrune │ └── readable-stream@2.1.2
217 silly idealTree:prePrune ├── mime-db@1.12.0
217 silly idealTree:prePrune ├── mime-types@2.0.14
217 silly idealTree:prePrune ├── minimatch@3.0.0
217 silly idealTree:prePrune ├── minimist@1.2.0
217 silly idealTree:prePrune ├── minimongo-standalone@0.0.9
217 silly idealTree:prePrune ├─┬ mkdirp@0.5.1
217 silly idealTree:prePrune │ └── minimist@0.0.8
217 silly idealTree:prePrune ├── mkpath@0.1.0
217 silly idealTree:prePrune ├── ms@0.7.1
217 silly idealTree:prePrune ├── multipipe@0.1.2
217 silly idealTree:prePrune ├─┬ mv@2.1.1
217 silly idealTree:prePrune │ ├── glob@6.0.4
217 silly idealTree:prePrune │ └── rimraf@2.4.5
217 silly idealTree:prePrune ├── ncp@2.0.0
217 silly idealTree:prePrune ├── node-uuid@1.4.7
217 silly idealTree:prePrune ├── nopt@3.0.6
217 silly idealTree:prePrune ├── normalize-package-data@2.3.5
217 silly idealTree:prePrune ├── nugget@1.6.2
217 silly idealTree:prePrune ├── number-is-nan@1.0.0
217 silly idealTree:prePrune ├── numeral@1.5.3
217 silly idealTree:prePrune ├── oauth-sign@0.6.0
217 silly idealTree:prePrune ├── object-assign@4.1.0
217 silly idealTree:prePrune ├── object-keys@0.4.0
217 silly idealTree:prePrune ├── once@1.3.3
217 silly idealTree:prePrune ├── onetime@1.1.0
217 silly idealTree:prePrune ├── orchestrator@0.3.7
217 silly idealTree:prePrune ├── ordered-read-streams@0.1.0
217 silly idealTree:prePrune ├── os-homedir@1.0.1
217 silly idealTree:prePrune ├── os-locale@1.4.0
217 silly idealTree:prePrune ├── os-timesync@1.0.5
217 silly idealTree:prePrune ├── pako@1.0.1
217 silly idealTree:prePrune ├── parse-json@2.2.0
217 silly idealTree:prePrune ├── path-exists@2.1.0
217 silly idealTree:prePrune ├── path-is-absolute@1.0.0
217 silly idealTree:prePrune ├── path-is-inside@1.0.1
217 silly idealTree:prePrune ├── path-type@1.1.0
217 silly idealTree:prePrune ├── pend@1.2.0
217 silly idealTree:prePrune ├── pify@2.3.0
217 silly idealTree:prePrune ├── pinkie-promise@2.0.1
217 silly idealTree:prePrune ├── pinkie@2.0.4
217 silly idealTree:prePrune ├── pkg-conf@1.1.2
217 silly idealTree:prePrune ├── plist@1.2.0
217 silly idealTree:prePrune ├── pretty-bytes@1.0.4
217 silly idealTree:prePrune ├── pretty-hrtime@1.0.2
217 silly idealTree:prePrune ├── process-nextick-args@1.0.7
217 silly idealTree:prePrune ├── progress-stream@1.2.0
217 silly idealTree:prePrune ├── q@1.4.1
217 silly idealTree:prePrune ├── qs@2.4.2
217 silly idealTree:prePrune ├── rc@1.1.6
217 silly idealTree:prePrune ├── rcedit@0.3.0
217 silly idealTree:prePrune ├── read-pkg-up@1.0.1
217 silly idealTree:prePrune ├── read-pkg@1.1.0
217 silly idealTree:prePrune ├── readable-stream@1.0.34
217 silly idealTree:prePrune ├── rechoir@0.6.2
217 silly idealTree:prePrune ├── redent@1.0.0
217 silly idealTree:prePrune ├── repeating@2.0.1
217 silly idealTree:prePrune ├── replace-ext@0.0.1
217 silly idealTree:prePrune ├─┬ replacestream@4.0.0
217 silly idealTree:prePrune │ ├── isarray@1.0.0
217 silly idealTree:prePrune │ ├── object-assign@3.0.0
217 silly idealTree:prePrune │ └── readable-stream@2.1.2
217 silly idealTree:prePrune ├── request@2.55.0
217 silly idealTree:prePrune ├── require-main-filename@1.0.1
217 silly idealTree:prePrune ├── resolve@1.1.7
217 silly idealTree:prePrune ├─┬ rimraf@2.5.2
217 silly idealTree:prePrune │ └── glob@7.0.3
217 silly idealTree:prePrune ├── run-series@1.1.4
217 silly idealTree:prePrune ├── semver@4.3.6
217 silly idealTree:prePrune ├── sequencify@0.0.7
217 silly idealTree:prePrune ├── set-immediate-shim@1.0.1
217 silly idealTree:prePrune ├── sigmund@1.0.1
217 silly idealTree:prePrune ├── signal-exit@2.1.2
217 silly idealTree:prePrune ├── single-line-log@0.4.1
217 silly idealTree:prePrune ├── sntp@1.0.9
217 silly idealTree:prePrune ├── solc@0.3.1-1
217 silly idealTree:prePrune ├── sparkles@1.0.0
217 silly idealTree:prePrune ├── spdx-correct@1.0.2
217 silly idealTree:prePrune ├── spdx-exceptions@1.0.4
217 silly idealTree:prePrune ├── spdx-expression-parse@1.0.2
217 silly idealTree:prePrune ├── spdx-license-ids@1.2.1
217 silly idealTree:prePrune ├── speedometer@0.1.4
217 silly idealTree:prePrune ├── stream-consume@0.1.0
217 silly idealTree:prePrune ├── string_decoder@0.10.31
217 silly idealTree:prePrune ├── string-width@1.0.1
217 silly idealTree:prePrune ├── stringstream@0.0.5
217 silly idealTree:prePrune ├── strip-ansi@3.0.1
217 silly idealTree:prePrune ├── strip-bom@2.0.0
217 silly idealTree:prePrune ├── strip-indent@1.0.1
217 silly idealTree:prePrune ├── strip-json-comments@1.0.4
217 silly idealTree:prePrune ├── supports-color@2.0.0
217 silly idealTree:prePrune ├── symbol@0.2.2
217 silly idealTree:prePrune ├── textextensions@1.0.2
217 silly idealTree:prePrune ├── throttleit@0.0.2
217 silly idealTree:prePrune ├─┬ through2@0.2.3
217 silly idealTree:prePrune │ ├── readable-stream@1.1.14
217 silly idealTree:prePrune │ └── xtend@2.1.2
217 silly idealTree:prePrune ├── tildify@1.2.0
217 silly idealTree:prePrune ├── time-stamp@1.0.1
217 silly idealTree:prePrune ├─┬ touch@0.0.3
217 silly idealTree:prePrune │ └── nopt@1.0.10
217 silly idealTree:prePrune ├── tough-cookie@2.2.2
217 silly idealTree:prePrune ├── traverse@0.3.9
217 silly idealTree:prePrune ├── trim-newlines@1.0.0
217 silly idealTree:prePrune ├── tunnel-agent@0.4.3
217 silly idealTree:prePrune ├── typedarray@0.0.6
217 silly idealTree:prePrune ├── underscore@1.8.3
217 silly idealTree:prePrune ├── unique-stream@1.0.0
217 silly idealTree:prePrune ├── user-home@1.1.1
217 silly idealTree:prePrune ├── utf8@2.1.1
217 silly idealTree:prePrune ├── util-deprecate@1.0.2
217 silly idealTree:prePrune ├── uuid@2.0.2
217 silly idealTree:prePrune ├── v8flags@2.0.11
217 silly idealTree:prePrune ├── validate-npm-package-license@3.0.1
217 silly idealTree:prePrune ├─┬ vinyl-fs@0.3.14
217 silly idealTree:prePrune │ ├── clone@0.2.0
217 silly idealTree:prePrune │ ├── graceful-fs@3.0.8
217 silly idealTree:prePrune │ ├── strip-bom@1.0.0
217 silly idealTree:prePrune │ ├── through2@0.6.5
217 silly idealTree:prePrune │ └── vinyl@0.4.6
217 silly idealTree:prePrune ├── vinyl@0.5.3
217 silly idealTree:prePrune ├─┬ web3@0.15.3
217 silly idealTree:prePrune │ └── bignumber.js@2.0.7
217 silly idealTree:prePrune ├── window-size@0.2.0
217 silly idealTree:prePrune ├── wrap-ansi@2.0.0
217 silly idealTree:prePrune ├── wrappy@1.0.1
217 silly idealTree:prePrune ├─┬ xmlbuilder@4.0.0
217 silly idealTree:prePrune │ └── lodash@3.10.1
217 silly idealTree:prePrune ├── xmldom@0.1.22
217 silly idealTree:prePrune ├── xmlhttprequest@1.8.0
217 silly idealTree:prePrune ├── xtend@4.0.1
217 silly idealTree:prePrune ├── y18n@3.2.1
217 silly idealTree:prePrune ├── yargs-parser@2.4.0
217 silly idealTree:prePrune ├── yargs@4.7.0
217 silly idealTree:prePrune ├── yauzl@2.4.1
217 silly idealTree:prePrune └── yazl@2.3.1
218 silly loadIdealTree Finishing
219 silly currentTree Mist@0.7.4
219 silly currentTree ├── abbrev@1.0.7
219 silly currentTree ├── ansi-regex@2.0.0
219 silly currentTree ├── ansi-styles@2.2.1
219 silly currentTree ├── archy@1.0.0
219 silly currentTree ├── array-differ@1.0.0
219 silly currentTree ├── array-find-index@1.0.1
219 silly currentTree ├── array-union@1.0.1
219 silly currentTree ├── array-uniq@1.0.2
219 silly currentTree ├── asn1@0.1.11
219 silly currentTree ├── assert-plus@0.1.5
219 silly currentTree ├── async@1.5.2
219 silly currentTree ├── aws-sign2@0.5.0
219 silly currentTree ├── balanced-match@0.4.1
219 silly currentTree ├── base64-js@0.0.8
219 silly currentTree ├── beeper@1.1.0
219 silly currentTree ├── bignumber.js@2.3.0
219 silly currentTree ├── binary@0.3.0
219 silly currentTree ├── binaryextensions@1.0.1
219 silly currentTree ├── bl@0.9.5
219 silly currentTree ├── bluebird@3.3.5
219 silly currentTree ├── boom@2.10.1
219 silly currentTree ├── brace-expansion@1.1.4
219 silly currentTree ├── buffer-crc32@0.2.5
219 silly currentTree ├── buffers@0.1.1
219 silly currentTree ├── builtin-modules@1.1.1
219 silly currentTree ├── camelcase-keys@2.1.0
219 silly currentTree ├── camelcase@2.1.1
219 silly currentTree ├── caseless@0.9.0
219 silly currentTree ├── chainsaw@0.1.0
219 silly currentTree ├── chalk@1.1.3
219 silly currentTree ├── chromium-pickle-js@0.1.0
219 silly currentTree ├── cliui@3.2.0
219 silly currentTree ├── clone-stats@0.0.1
219 silly currentTree ├── clone@1.0.2
219 silly currentTree ├── code-point-at@1.0.0
219 silly currentTree ├── combined-stream@0.0.7
219 silly currentTree ├── concat-map@0.0.1
219 silly currentTree ├─┬ concat-stream@1.5.0
219 silly currentTree │ ├── isarray@1.0.0
219 silly currentTree │ └── readable-stream@2.0.6
219 silly currentTree ├── core-util-is@1.0.2
219 silly currentTree ├── cryptiles@2.0.5
219 silly currentTree ├── crypto-js@3.1.6
219 silly currentTree ├── ctype@0.5.3
219 silly currentTree ├── dateformat@1.0.12
219 silly currentTree ├── debug@2.2.0
219 silly currentTree ├── decamelize@1.2.0
219 silly currentTree ├── deep-extend@0.4.1
219 silly currentTree ├── defaults@1.0.3
219 silly currentTree ├─┬ del@1.2.1
219 silly currentTree │ └── object-assign@3.0.0
219 silly currentTree ├── delayed-stream@0.0.5
219 silly currentTree ├── deprecated@0.0.1
219 silly currentTree ├─┬ duplexer2@0.0.2
219 silly currentTree │ └── readable-stream@1.1.14
219 silly currentTree ├── each-async@1.1.1
219 silly currentTree ├─┬ easy-zip@0.0.4
219 silly currentTree │ └── async@2.0.0-rc.4
219 silly currentTree ├─┬ electron-download@1.4.1
219 silly currentTree │ └── path-exists@1.0.0
219 silly currentTree ├─┬ electron-packager@5.2.1
219 silly currentTree │ ├── asar@0.8.3
219 silly currentTree │ ├── commander@2.3.0
219 silly currentTree │ ├── cuint@0.1.5
219 silly currentTree │ ├── decompress-zip@0.1.0
219 silly currentTree │ ├── fs-extra@0.18.2
219 silly currentTree │ ├── graceful-fs@3.0.8
219 silly currentTree │ ├── minimatch@2.0.4
219 silly currentTree │ ├── mksnapshot@0.1.0
219 silly currentTree │ └── readable-stream@1.1.14
219 silly currentTree ├── end-of-stream@0.1.5
219 silly currentTree ├── error-ex@1.3.0
219 silly currentTree ├── escape-string-regexp@1.0.5
219 silly currentTree ├── extend@2.0.1
219 silly currentTree ├─┬ extract-zip@1.5.0
219 silly currentTree │ ├── debug@0.7.4
219 silly currentTree │ ├── minimist@0.0.8
219 silly currentTree │ └── mkdirp@0.5.0
219 silly currentTree ├── fancy-log@1.2.0
219 silly currentTree ├── fd-slicer@1.0.1
219 silly currentTree ├── find-index@0.1.1
219 silly currentTree ├── find-up@1.1.2
219 silly currentTree ├── findup-sync@0.3.0
219 silly currentTree ├── first-chunk-stream@1.0.0
219 silly currentTree ├── flagged-respawn@0.3.2
219 silly currentTree ├── forever-agent@0.6.1
219 silly currentTree ├─┬ form-data@0.2.0
219 silly currentTree │ └── async@0.9.2
219 silly currentTree ├── gaze@0.5.2
219 silly currentTree ├── generate-function@2.0.0
219 silly currentTree ├── generate-object-property@1.2.0
219 silly currentTree ├─┬ get-package-info@0.0.2
219 silly currentTree │ └── bluebird@3.3.5
219 silly currentTree ├── get-stdin@4.0.1
219 silly currentTree ├─┬ glob-stream@3.1.18
219 silly currentTree │ ├── glob@4.5.3
219 silly currentTree │ ├── minimatch@2.0.10
219 silly currentTree │ └── through2@0.6.5
219 silly currentTree ├── glob-watcher@0.0.6
219 silly currentTree ├── glob@5.0.15
219 silly currentTree ├── glob2base@0.0.12
219 silly currentTree ├─┬ globby@2.1.0
219 silly currentTree │ └── object-assign@3.0.0
219 silly currentTree ├─┬ globule@0.1.0
219 silly currentTree │ ├── glob@3.1.21
219 silly currentTree │ ├── graceful-fs@1.2.3
219 silly currentTree │ ├── inherits@1.0.2
219 silly currentTree │ ├── lodash@1.0.2
219 silly currentTree │ └── minimatch@0.2.14
219 silly currentTree ├── glogg@1.0.0
219 silly currentTree ├── graceful-fs@4.1.4
219 silly currentTree ├── graceful-readlink@1.0.1
219 silly currentTree ├─┬ gulp-jszip@0.1.2
219 silly currentTree │ ├── ansi-regex@0.2.1
219 silly currentTree │ ├── ansi-styles@1.1.0
219 silly currentTree │ ├── chalk@0.5.1
219 silly currentTree │ ├── fs-extra@0.12.0
219 silly currentTree │ ├── has-ansi@0.1.0
219 silly currentTree │ ├── ncp@0.6.0
219 silly currentTree │ ├── strip-ansi@0.3.0
219 silly currentTree │ ├── supports-color@0.2.0
219 silly currentTree │ └── through2@0.6.5
219 silly currentTree ├── gulp-rename@1.2.2
219 silly currentTree ├─┬ gulp-replace@0.5.4
219 silly currentTree │ ├── isarray@1.0.0
219 silly currentTree │ └── readable-stream@2.1.2
219 silly currentTree ├─┬ gulp-util@3.0.7
219 silly currentTree │ ├── isarray@1.0.0
219 silly currentTree │ ├── object-assign@3.0.0
219 silly currentTree │ ├── readable-stream@2.0.6
219 silly currentTree │ └── through2@2.0.1
219 silly currentTree ├─┬ gulp-zip@3.2.0
219 silly currentTree │ ├── isarray@1.0.0
219 silly currentTree │ ├── readable-stream@2.0.6
219 silly currentTree │ └── through2@2.0.1
219 silly currentTree ├── gulp@3.9.1
219 silly currentTree ├── gulplog@1.0.0
219 silly currentTree ├─┬ har-validator@1.8.0
219 silly currentTree │ ├── bluebird@2.10.2
219 silly currentTree │ └── commander@2.9.0
219 silly currentTree ├── has-ansi@2.0.0
219 silly currentTree ├── has-gulplog@0.1.0
219 silly currentTree ├── hawk@2.3.1
219 silly currentTree ├── hoek@2.16.3
219 silly currentTree ├── home-path@1.0.3
219 silly currentTree ├── hosted-git-info@2.1.4
219 silly currentTree ├── http-signature@0.10.1
219 silly currentTree ├── i18next@2.5.1
219 silly currentTree ├── indent-string@2.1.0
219 silly currentTree ├── inflight@1.0.4
219 silly currentTree ├── inherits@2.0.1
219 silly currentTree ├── ini@1.3.4
219 silly currentTree ├── interpret@1.0.1
219 silly currentTree ├── invert-kv@1.0.0
219 silly currentTree ├── is-arrayish@0.2.1
219 silly currentTree ├── is-builtin-module@1.0.0
219 silly currentTree ├── is-finite@1.0.1
219 silly currentTree ├── is-fullwidth-code-point@1.0.0
219 silly currentTree ├── is-my-json-valid@2.13.1
219 silly currentTree ├── is-path-cwd@1.0.0
219 silly currentTree ├── is-path-in-cwd@1.0.0
219 silly currentTree ├── is-path-inside@1.0.0
219 silly currentTree ├── is-property@1.0.2
219 silly currentTree ├── is-utf8@0.2.1
219 silly currentTree ├── isarray@0.0.1
219 silly currentTree ├── isstream@0.1.2
219 silly currentTree ├── istextorbinary@1.0.2
219 silly currentTree ├── json-stringify-safe@5.0.1
219 silly currentTree ├── jsonfile@2.3.0
219 silly currentTree ├── jsonpointer@2.0.0
219 silly currentTree ├── jszip@2.6.0
219 silly currentTree ├── lcid@1.0.0
219 silly currentTree ├── liftoff@2.2.1
219 silly currentTree ├── load-json-file@1.1.0
219 silly currentTree ├── lodash._basecopy@3.0.1
219 silly currentTree ├── lodash._basetostring@3.0.1
219 silly currentTree ├── lodash._basevalues@3.0.0
219 silly currentTree ├── lodash._getnative@3.9.1
219 silly currentTree ├── lodash._isiterateecall@3.0.9
219 silly currentTree ├── lodash._reescape@3.0.0
219 silly currentTree ├── lodash._reevaluate@3.0.0
219 silly currentTree ├── lodash._reinterpolate@3.0.0
219 silly currentTree ├── lodash._root@3.0.1
219 silly currentTree ├── lodash._stringtopath@4.7.1
219 silly currentTree ├── lodash.assign@4.0.8
219 silly currentTree ├── lodash.escape@3.2.0
219 silly currentTree ├── lodash.get@4.2.1
219 silly currentTree ├── lodash.isarguments@3.0.8
219 silly currentTree ├── lodash.isarray@3.0.4
219 silly currentTree ├── lodash.keys@4.0.6
219 silly currentTree ├── lodash.rest@4.0.2
219 silly currentTree ├── lodash.restparam@3.6.1
219 silly currentTree ├─┬ lodash.template@3.6.2
219 silly currentTree │ └── lodash.keys@3.1.2
219 silly currentTree ├── lodash.templatesettings@3.1.1
219 silly currentTree ├── lodash@4.12.0
219 silly currentTree ├── log-rotate@0.2.7
219 silly currentTree ├── log4js@0.6.36
219 silly currentTree ├── loud-rejection@1.3.0
219 silly currentTree ├── lru-cache@2.7.3
219 silly currentTree ├── map-obj@1.0.1
219 silly currentTree ├── meow@3.7.0
219 silly currentTree ├─┬ merge-stream@1.0.0
219 silly currentTree │ ├── isarray@1.0.0
219 silly currentTree │ └── readable-stream@2.1.2
219 silly currentTree ├── mime-db@1.12.0
219 silly currentTree ├── mime-types@2.0.14
219 silly currentTree ├── minimatch@3.0.0
219 silly currentTree ├── minimist@1.2.0
219 silly currentTree ├── minimongo-standalone@0.0.9
219 silly currentTree ├─┬ mkdirp@0.5.1
219 silly currentTree │ └── minimist@0.0.8
219 silly currentTree ├── mkpath@0.1.0
219 silly currentTree ├── ms@0.7.1
219 silly currentTree ├── multipipe@0.1.2
219 silly currentTree ├─┬ mv@2.1.1
219 silly currentTree │ ├── glob@6.0.4
219 silly currentTree │ └── rimraf@2.4.5
219 silly currentTree ├── ncp@2.0.0
219 silly currentTree ├── node-uuid@1.4.7
219 silly currentTree ├── nopt@3.0.6
219 silly currentTree ├── normalize-package-data@2.3.5
219 silly currentTree ├── nugget@1.6.2
219 silly currentTree ├── number-is-nan@1.0.0
219 silly currentTree ├── numeral@1.5.3
219 silly currentTree ├── oauth-sign@0.6.0
219 silly currentTree ├── object-assign@4.1.0
219 silly currentTree ├── object-keys@0.4.0
219 silly currentTree ├── once@1.3.3
219 silly currentTree ├── onetime@1.1.0
219 silly currentTree ├── orchestrator@0.3.7
219 silly currentTree ├── ordered-read-streams@0.1.0
219 silly currentTree ├── os-homedir@1.0.1
219 silly currentTree ├── os-locale@1.4.0
219 silly currentTree ├── os-timesync@1.0.5
219 silly currentTree ├── pako@1.0.1
219 silly currentTree ├── parse-json@2.2.0
219 silly currentTree ├── path-exists@2.1.0
219 silly currentTree ├── path-is-absolute@1.0.0
219 silly currentTree ├── path-is-inside@1.0.1
219 silly currentTree ├── path-type@1.1.0
219 silly currentTree ├── pend@1.2.0
219 silly currentTree ├── pify@2.3.0
219 silly currentTree ├── pinkie-promise@2.0.1
219 silly currentTree ├── pinkie@2.0.4
219 silly currentTree ├── pkg-conf@1.1.2
219 silly currentTree ├── plist@1.2.0
219 silly currentTree ├── pretty-bytes@1.0.4
219 silly currentTree ├── pretty-hrtime@1.0.2
219 silly currentTree ├── process-nextick-args@1.0.7
219 silly currentTree ├── progress-stream@1.2.0
219 silly currentTree ├── q@1.4.1
219 silly currentTree ├── qs@2.4.2
219 silly currentTree ├── rc@1.1.6
219 silly currentTree ├── rcedit@0.3.0
219 silly currentTree ├── read-pkg-up@1.0.1
219 silly currentTree ├── read-pkg@1.1.0
219 silly currentTree ├── readable-stream@1.0.34
219 silly currentTree ├── rechoir@0.6.2
219 silly currentTree ├── redent@1.0.0
219 silly currentTree ├── repeating@2.0.1
219 silly currentTree ├── replace-ext@0.0.1
219 silly currentTree ├─┬ replacestream@4.0.0
219 silly currentTree │ ├── isarray@1.0.0
219 silly currentTree │ ├── object-assign@3.0.0
219 silly currentTree │ └── readable-stream@2.1.2
219 silly currentTree ├── request@2.55.0
219 silly currentTree ├── require-main-filename@1.0.1
219 silly currentTree ├── resolve@1.1.7
219 silly currentTree ├─┬ rimraf@2.5.2
219 silly currentTree │ └── glob@7.0.3
219 silly currentTree ├── run-series@1.1.4
219 silly currentTree ├── semver@4.3.6
219 silly currentTree ├── sequencify@0.0.7
219 silly currentTree ├── set-immediate-shim@1.0.1
219 silly currentTree ├── sigmund@1.0.1
219 silly currentTree ├── signal-exit@2.1.2
219 silly currentTree ├── single-line-log@0.4.1
219 silly currentTree ├── sntp@1.0.9
219 silly currentTree ├── solc@0.3.1-1
219 silly currentTree ├── sparkles@1.0.0
219 silly currentTree ├── spdx-correct@1.0.2
219 silly currentTree ├── spdx-exceptions@1.0.4
219 silly currentTree ├── spdx-expression-parse@1.0.2
219 silly currentTree ├── spdx-license-ids@1.2.1
219 silly currentTree ├── speedometer@0.1.4
219 silly currentTree ├── stream-consume@0.1.0
219 silly currentTree ├── string_decoder@0.10.31
219 silly currentTree ├── string-width@1.0.1
219 silly currentTree ├── stringstream@0.0.5
219 silly currentTree ├── strip-ansi@3.0.1
219 silly currentTree ├── strip-bom@2.0.0
219 silly currentTree ├── strip-indent@1.0.1
219 silly currentTree ├── strip-json-comments@1.0.4
219 silly currentTree ├── supports-color@2.0.0
219 silly currentTree ├── symbol@0.2.2
219 silly currentTree ├── textextensions@1.0.2
219 silly currentTree ├── throttleit@0.0.2
219 silly currentTree ├─┬ through2@0.2.3
219 silly currentTree │ ├── readable-stream@1.1.14
219 silly currentTree │ └── xtend@2.1.2
219 silly currentTree ├── tildify@1.2.0
219 silly currentTree ├── time-stamp@1.0.1
219 silly currentTree ├─┬ touch@0.0.3
219 silly currentTree │ └── nopt@1.0.10
219 silly currentTree ├── tough-cookie@2.2.2
219 silly currentTree ├── traverse@0.3.9
219 silly currentTree ├── trim-newlines@1.0.0
219 silly currentTree ├── tunnel-agent@0.4.3
219 silly currentTree ├── typedarray@0.0.6
219 silly currentTree ├── underscore@1.8.3
219 silly currentTree ├── unique-stream@1.0.0
219 silly currentTree ├── user-home@1.1.1
219 silly currentTree ├── utf8@2.1.1
219 silly currentTree ├── util-deprecate@1.0.2
219 silly currentTree ├── uuid@2.0.2
219 silly currentTree ├── v8flags@2.0.11
219 silly currentTree ├── validate-npm-package-license@3.0.1
219 silly currentTree ├─┬ vinyl-fs@0.3.14
219 silly currentTree │ ├── clone@0.2.0
219 silly currentTree │ ├── graceful-fs@3.0.8
219 silly currentTree │ ├── strip-bom@1.0.0
219 silly currentTree │ ├── through2@0.6.5
219 silly currentTree │ └── vinyl@0.4.6
219 silly currentTree ├── vinyl@0.5.3
219 silly currentTree ├── web3@0.17.0
219 silly currentTree ├── window-size@0.2.0
219 silly currentTree ├── wrap-ansi@2.0.0
219 silly currentTree ├── wrappy@1.0.1
219 silly currentTree ├─┬ xmlbuilder@4.0.0
219 silly currentTree │ └── lodash@3.10.1
219 silly currentTree ├── xmldom@0.1.22
219 silly currentTree ├── xmlhttprequest@1.8.0
219 silly currentTree ├── xtend@4.0.1
219 silly currentTree ├── y18n@3.2.1
219 silly currentTree ├── yargs-parser@2.4.0
219 silly currentTree ├── yargs@4.7.0
219 silly currentTree ├── yauzl@2.4.1
219 silly currentTree └── yazl@2.3.1
220 silly idealTree Mist@0.7.4
220 silly idealTree ├── abbrev@1.0.7
220 silly idealTree ├── ansi-regex@2.0.0
220 silly idealTree ├── ansi-styles@2.2.1
220 silly idealTree ├── archy@1.0.0
220 silly idealTree ├── array-differ@1.0.0
220 silly idealTree ├── array-find-index@1.0.1
220 silly idealTree ├── array-union@1.0.1
220 silly idealTree ├── array-uniq@1.0.2
220 silly idealTree ├── asn1@0.1.11
220 silly idealTree ├── assert-plus@0.1.5
220 silly idealTree ├── async@1.5.2
220 silly idealTree ├── aws-sign2@0.5.0
220 silly idealTree ├── balanced-match@0.4.1
220 silly idealTree ├── base64-js@0.0.8
220 silly idealTree ├── beeper@1.1.0
220 silly idealTree ├── bignumber.js@2.3.0
220 silly idealTree ├── binary@0.3.0
220 silly idealTree ├── binaryextensions@1.0.1
220 silly idealTree ├── bl@0.9.5
220 silly idealTree ├── bluebird@3.3.5
220 silly idealTree ├── boom@2.10.1
220 silly idealTree ├── brace-expansion@1.1.4
220 silly idealTree ├── buffer-crc32@0.2.5
220 silly idealTree ├── buffers@0.1.1
220 silly idealTree ├── builtin-modules@1.1.1
220 silly idealTree ├── camelcase-keys@2.1.0
220 silly idealTree ├── camelcase@2.1.1
220 silly idealTree ├── caseless@0.9.0
220 silly idealTree ├── chainsaw@0.1.0
220 silly idealTree ├── chalk@1.1.3
220 silly idealTree ├── chromium-pickle-js@0.1.0
220 silly idealTree ├── cliui@3.2.0
220 silly idealTree ├── clone-stats@0.0.1
220 silly idealTree ├── clone@1.0.2
220 silly idealTree ├── code-point-at@1.0.0
220 silly idealTree ├── combined-stream@0.0.7
220 silly idealTree ├── concat-map@0.0.1
220 silly idealTree ├─┬ concat-stream@1.5.0
220 silly idealTree │ ├── isarray@1.0.0
220 silly idealTree │ └── readable-stream@2.0.6
220 silly idealTree ├── core-util-is@1.0.2
220 silly idealTree ├── cryptiles@2.0.5
220 silly idealTree ├── crypto-js@3.1.6
220 silly idealTree ├── ctype@0.5.3
220 silly idealTree ├── dateformat@1.0.12
220 silly idealTree ├── debug@2.2.0
220 silly idealTree ├── decamelize@1.2.0
220 silly idealTree ├── deep-extend@0.4.1
220 silly idealTree ├── defaults@1.0.3
220 silly idealTree ├─┬ del@1.2.1
220 silly idealTree │ └── object-assign@3.0.0
220 silly idealTree ├── delayed-stream@0.0.5
220 silly idealTree ├── deprecated@0.0.1
220 silly idealTree ├─┬ duplexer2@0.0.2
220 silly idealTree │ └── readable-stream@1.1.14
220 silly idealTree ├── each-async@1.1.1
220 silly idealTree ├─┬ easy-zip@0.0.4
220 silly idealTree │ └── async@2.0.0-rc.4
220 silly idealTree ├─┬ electron-download@1.4.1
220 silly idealTree │ └── path-exists@1.0.0
220 silly idealTree ├─┬ electron-packager@5.2.1
220 silly idealTree │ ├── asar@0.8.3
220 silly idealTree │ ├── commander@2.3.0
220 silly idealTree │ ├── cuint@0.1.5
220 silly idealTree │ ├── decompress-zip@0.1.0
220 silly idealTree │ ├── fs-extra@0.18.2
220 silly idealTree │ ├── graceful-fs@3.0.8
220 silly idealTree │ ├── minimatch@2.0.4
220 silly idealTree │ ├── mksnapshot@0.1.0
220 silly idealTree │ └── readable-stream@1.1.14
220 silly idealTree ├── end-of-stream@0.1.5
220 silly idealTree ├── error-ex@1.3.0
220 silly idealTree ├── escape-string-regexp@1.0.5
220 silly idealTree ├── extend@2.0.1
220 silly idealTree ├─┬ extract-zip@1.5.0
220 silly idealTree │ ├── debug@0.7.4
220 silly idealTree │ ├── minimist@0.0.8
220 silly idealTree │ └── mkdirp@0.5.0
220 silly idealTree ├── fancy-log@1.2.0
220 silly idealTree ├── fd-slicer@1.0.1
220 silly idealTree ├── find-index@0.1.1
220 silly idealTree ├── find-up@1.1.2
220 silly idealTree ├── findup-sync@0.3.0
220 silly idealTree ├── first-chunk-stream@1.0.0
220 silly idealTree ├── flagged-respawn@0.3.2
220 silly idealTree ├── forever-agent@0.6.1
220 silly idealTree ├─┬ form-data@0.2.0
220 silly idealTree │ └── async@0.9.2
220 silly idealTree ├── gaze@0.5.2
220 silly idealTree ├── generate-function@2.0.0
220 silly idealTree ├── generate-object-property@1.2.0
220 silly idealTree ├─┬ get-package-info@0.0.2
220 silly idealTree │ └── bluebird@3.3.5
220 silly idealTree ├── get-stdin@4.0.1
220 silly idealTree ├─┬ glob-stream@3.1.18
220 silly idealTree │ ├── glob@4.5.3
220 silly idealTree │ ├── minimatch@2.0.10
220 silly idealTree │ └── through2@0.6.5
220 silly idealTree ├── glob-watcher@0.0.6
220 silly idealTree ├── glob@5.0.15
220 silly idealTree ├── glob2base@0.0.12
220 silly idealTree ├─┬ globby@2.1.0
220 silly idealTree │ └── object-assign@3.0.0
220 silly idealTree ├─┬ globule@0.1.0
220 silly idealTree │ ├── glob@3.1.21
220 silly idealTree │ ├── graceful-fs@1.2.3
220 silly idealTree │ ├── inherits@1.0.2
220 silly idealTree │ ├── lodash@1.0.2
220 silly idealTree │ └── minimatch@0.2.14
220 silly idealTree ├── glogg@1.0.0
220 silly idealTree ├── graceful-fs@4.1.4
220 silly idealTree ├── graceful-readlink@1.0.1
220 silly idealTree ├─┬ gulp-jszip@0.1.2
220 silly idealTree │ ├── ansi-regex@0.2.1
220 silly idealTree │ ├── ansi-styles@1.1.0
220 silly idealTree │ ├── chalk@0.5.1
220 silly idealTree │ ├── fs-extra@0.12.0
220 silly idealTree │ ├── has-ansi@0.1.0
220 silly idealTree │ ├── ncp@0.6.0
220 silly idealTree │ ├── strip-ansi@0.3.0
220 silly idealTree │ ├── supports-color@0.2.0
220 silly idealTree │ └── through2@0.6.5
220 silly idealTree ├── gulp-rename@1.2.2
220 silly idealTree ├─┬ gulp-replace@0.5.4
220 silly idealTree │ ├── isarray@1.0.0
220 silly idealTree │ └── readable-stream@2.1.2
220 silly idealTree ├─┬ gulp-util@3.0.7
220 silly idealTree │ ├── isarray@1.0.0
220 silly idealTree │ ├── object-assign@3.0.0
220 silly idealTree │ ├── readable-stream@2.0.6
220 silly idealTree │ └── through2@2.0.1
220 silly idealTree ├─┬ gulp-zip@3.2.0
220 silly idealTree │ ├── isarray@1.0.0
220 silly idealTree │ ├── readable-stream@2.0.6
220 silly idealTree │ └── through2@2.0.1
220 silly idealTree ├── gulp@3.9.1
220 silly idealTree ├── gulplog@1.0.0
220 silly idealTree ├─┬ har-validator@1.8.0
220 silly idealTree │ ├── bluebird@2.10.2
220 silly idealTree │ └── commander@2.9.0
220 silly idealTree ├── has-ansi@2.0.0
220 silly idealTree ├── has-gulplog@0.1.0
220 silly idealTree ├── hawk@2.3.1
220 silly idealTree ├── hoek@2.16.3
220 silly idealTree ├── home-path@1.0.3
220 silly idealTree ├── hosted-git-info@2.1.4
220 silly idealTree ├── http-signature@0.10.1
220 silly idealTree ├── i18next@2.5.1
220 silly idealTree ├── indent-string@2.1.0
220 silly idealTree ├── inflight@1.0.4
220 silly idealTree ├── inherits@2.0.1
220 silly idealTree ├── ini@1.3.4
220 silly idealTree ├── interpret@1.0.1
220 silly idealTree ├── invert-kv@1.0.0
220 silly idealTree ├── is-arrayish@0.2.1
220 silly idealTree ├── is-builtin-module@1.0.0
220 silly idealTree ├── is-finite@1.0.1
220 silly idealTree ├── is-fullwidth-code-point@1.0.0
220 silly idealTree ├── is-my-json-valid@2.13.1
220 silly idealTree ├── is-path-cwd@1.0.0
220 silly idealTree ├── is-path-in-cwd@1.0.0
220 silly idealTree ├── is-path-inside@1.0.0
220 silly idealTree ├── is-property@1.0.2
220 silly idealTree ├── is-utf8@0.2.1
220 silly idealTree ├── isarray@0.0.1
220 silly idealTree ├── isstream@0.1.2
220 silly idealTree ├── istextorbinary@1.0.2
220 silly idealTree ├── json-stringify-safe@5.0.1
220 silly idealTree ├── jsonfile@2.3.0
220 silly idealTree ├── jsonpointer@2.0.0
220 silly idealTree ├── jszip@2.6.0
220 silly idealTree ├── lcid@1.0.0
220 silly idealTree ├── liftoff@2.2.1
220 silly idealTree ├── load-json-file@1.1.0
220 silly idealTree ├── lodash._basecopy@3.0.1
220 silly idealTree ├── lodash._basetostring@3.0.1
220 silly idealTree ├── lodash._basevalues@3.0.0
220 silly idealTree ├── lodash._getnative@3.9.1
220 silly idealTree ├── lodash._isiterateecall@3.0.9
220 silly idealTree ├── lodash._reescape@3.0.0
220 silly idealTree ├── lodash._reevaluate@3.0.0
220 silly idealTree ├── lodash._reinterpolate@3.0.0
220 silly idealTree ├── lodash._root@3.0.1
220 silly idealTree ├── lodash._stringtopath@4.7.1
220 silly idealTree ├── lodash.assign@4.0.8
220 silly idealTree ├── lodash.escape@3.2.0
220 silly idealTree ├── lodash.get@4.2.1
220 silly idealTree ├── lodash.isarguments@3.0.8
220 silly idealTree ├── lodash.isarray@3.0.4
220 silly idealTree ├── lodash.keys@4.0.6
220 silly idealTree ├── lodash.rest@4.0.2
220 silly idealTree ├── lodash.restparam@3.6.1
220 silly idealTree ├─┬ lodash.template@3.6.2
220 silly idealTree │ └── lodash.keys@3.1.2
220 silly idealTree ├── lodash.templatesettings@3.1.1
220 silly idealTree ├── lodash@4.12.0
220 silly idealTree ├── log-rotate@0.2.7
220 silly idealTree ├── log4js@0.6.36
220 silly idealTree ├── loud-rejection@1.3.0
220 silly idealTree ├── lru-cache@2.7.3
220 silly idealTree ├── map-obj@1.0.1
220 silly idealTree ├── meow@3.7.0
220 silly idealTree ├─┬ merge-stream@1.0.0
220 silly idealTree │ ├── isarray@1.0.0
220 silly idealTree │ └── readable-stream@2.1.2
220 silly idealTree ├── mime-db@1.12.0
220 silly idealTree ├── mime-types@2.0.14
220 silly idealTree ├── minimatch@3.0.0
220 silly idealTree ├── minimist@1.2.0
220 silly idealTree ├── minimongo-standalone@0.0.9
220 silly idealTree ├─┬ mkdirp@0.5.1
220 silly idealTree │ └── minimist@0.0.8
220 silly idealTree ├── mkpath@0.1.0
220 silly idealTree ├── ms@0.7.1
220 silly idealTree ├── multipipe@0.1.2
220 silly idealTree ├─┬ mv@2.1.1
220 silly idealTree │ ├── glob@6.0.4
220 silly idealTree │ └── rimraf@2.4.5
220 silly idealTree ├── ncp@2.0.0
220 silly idealTree ├── node-uuid@1.4.7
220 silly idealTree ├── nopt@3.0.6
220 silly idealTree ├── normalize-package-data@2.3.5
220 silly idealTree ├── nugget@1.6.2
220 silly idealTree ├── number-is-nan@1.0.0
220 silly idealTree ├── numeral@1.5.3
220 silly idealTree ├── oauth-sign@0.6.0
220 silly idealTree ├── object-assign@4.1.0
220 silly idealTree ├── object-keys@0.4.0
220 silly idealTree ├── once@1.3.3
220 silly idealTree ├── onetime@1.1.0
220 silly idealTree ├── orchestrator@0.3.7
220 silly idealTree ├── ordered-read-streams@0.1.0
220 silly idealTree ├── os-homedir@1.0.1
220 silly idealTree ├── os-locale@1.4.0
220 silly idealTree ├── os-timesync@1.0.5
220 silly idealTree ├── pako@1.0.1
220 silly idealTree ├── parse-json@2.2.0
220 silly idealTree ├── path-exists@2.1.0
220 silly idealTree ├── path-is-absolute@1.0.0
220 silly idealTree ├── path-is-inside@1.0.1
220 silly idealTree ├── path-type@1.1.0
220 silly idealTree ├── pend@1.2.0
220 silly idealTree ├── pify@2.3.0
220 silly idealTree ├── pinkie-promise@2.0.1
220 silly idealTree ├── pinkie@2.0.4
220 silly idealTree ├── pkg-conf@1.1.2
220 silly idealTree ├── plist@1.2.0
220 silly idealTree ├── pretty-bytes@1.0.4
220 silly idealTree ├── pretty-hrtime@1.0.2
220 silly idealTree ├── process-nextick-args@1.0.7
220 silly idealTree ├── progress-stream@1.2.0
220 silly idealTree ├── q@1.4.1
220 silly idealTree ├── qs@2.4.2
220 silly idealTree ├── rc@1.1.6
220 silly idealTree ├── rcedit@0.3.0
220 silly idealTree ├── read-pkg-up@1.0.1
220 silly idealTree ├── read-pkg@1.1.0
220 silly idealTree ├── readable-stream@1.0.34
220 silly idealTree ├── rechoir@0.6.2
220 silly idealTree ├── redent@1.0.0
220 silly idealTree ├── repeating@2.0.1
220 silly idealTree ├── replace-ext@0.0.1
220 silly idealTree ├─┬ replacestream@4.0.0
220 silly idealTree │ ├── isarray@1.0.0
220 silly idealTree │ ├── object-assign@3.0.0
220 silly idealTree │ └── readable-stream@2.1.2
220 silly idealTree ├── request@2.55.0
220 silly idealTree ├── require-main-filename@1.0.1
220 silly idealTree ├── resolve@1.1.7
220 silly idealTree ├─┬ rimraf@2.5.2
220 silly idealTree │ └── glob@7.0.3
220 silly idealTree ├── run-series@1.1.4
220 silly idealTree ├── semver@4.3.6
220 silly idealTree ├── sequencify@0.0.7
220 silly idealTree ├── set-immediate-shim@1.0.1
220 silly idealTree ├── sigmund@1.0.1
220 silly idealTree ├── signal-exit@2.1.2
220 silly idealTree ├── single-line-log@0.4.1
220 silly idealTree ├── sntp@1.0.9
220 silly idealTree ├── solc@0.3.1-1
220 silly idealTree ├── sparkles@1.0.0
220 silly idealTree ├── spdx-correct@1.0.2
220 silly idealTree ├── spdx-exceptions@1.0.4
220 silly idealTree ├── spdx-expression-parse@1.0.2
220 silly idealTree ├── spdx-license-ids@1.2.1
220 silly idealTree ├── speedometer@0.1.4
220 silly idealTree ├── stream-consume@0.1.0
220 silly idealTree ├── string_decoder@0.10.31
220 silly idealTree ├── string-width@1.0.1
220 silly idealTree ├── stringstream@0.0.5
220 silly idealTree ├── strip-ansi@3.0.1
220 silly idealTree ├── strip-bom@2.0.0
220 silly idealTree ├── strip-indent@1.0.1
220 silly idealTree ├── strip-json-comments@1.0.4
220 silly idealTree ├── supports-color@2.0.0
220 silly idealTree ├── symbol@0.2.2
220 silly idealTree ├── textextensions@1.0.2
220 silly idealTree ├── throttleit@0.0.2
220 silly idealTree ├─┬ through2@0.2.3
220 silly idealTree │ ├── readable-stream@1.1.14
220 silly idealTree │ └── xtend@2.1.2
220 silly idealTree ├── tildify@1.2.0
220 silly idealTree ├── time-stamp@1.0.1
220 silly idealTree ├─┬ touch@0.0.3
220 silly idealTree │ └── nopt@1.0.10
220 silly idealTree ├── tough-cookie@2.2.2
220 silly idealTree ├── traverse@0.3.9
220 silly idealTree ├── trim-newlines@1.0.0
220 silly idealTree ├── tunnel-agent@0.4.3
220 silly idealTree ├── typedarray@0.0.6
220 silly idealTree ├── underscore@1.8.3
220 silly idealTree ├── unique-stream@1.0.0
220 silly idealTree ├── user-home@1.1.1
220 silly idealTree ├── utf8@2.1.1
220 silly idealTree ├── util-deprecate@1.0.2
220 silly idealTree ├── uuid@2.0.2
220 silly idealTree ├── v8flags@2.0.11
220 silly idealTree ├── validate-npm-package-license@3.0.1
220 silly idealTree ├─┬ vinyl-fs@0.3.14
220 silly idealTree │ ├── clone@0.2.0
220 silly idealTree │ ├── graceful-fs@3.0.8
220 silly idealTree │ ├── strip-bom@1.0.0
220 silly idealTree │ ├── through2@0.6.5
220 silly idealTree │ └── vinyl@0.4.6
220 silly idealTree ├── vinyl@0.5.3
220 silly idealTree ├─┬ web3@0.15.3
220 silly idealTree │ └── bignumber.js@2.0.7
220 silly idealTree ├── window-size@0.2.0
220 silly idealTree ├── wrap-ansi@2.0.0
220 silly idealTree ├── wrappy@1.0.1
220 silly idealTree ├─┬ xmlbuilder@4.0.0
220 silly idealTree │ └── lodash@3.10.1
220 silly idealTree ├── xmldom@0.1.22
220 silly idealTree ├── xmlhttprequest@1.8.0
220 silly idealTree ├── xtend@4.0.1
220 silly idealTree ├── y18n@3.2.1
220 silly idealTree ├── yargs-parser@2.4.0
220 silly idealTree ├── yargs@4.7.0
220 silly idealTree ├── yauzl@2.4.1
220 silly idealTree └── yazl@2.3.1
221 silly generateActionsToTake Starting
222 silly install generateActionsToTake
223 silly rollbackFailedOptional Starting
224 silly rollbackFailedOptional Finishing
225 silly runTopLevelLifecycles Starting
226 silly runTopLevelLifecycles Finishing
227 silly install printInstalled
228 verbose stack Error: /Users/alex/dev/mist/node_modules/web3: Appears to be a git repo or submodule.
228 verbose stack     at /usr/local/lib/node_modules/npm/node_modules/npm-install-checks/index.js:137:15
228 verbose stack     at FSReqWrap.oncomplete (fs.js:117:15)
229 verbose cwd /Users/alex/dev/mist
230 error Darwin 15.4.0
231 error argv "/usr/local/bin/node" "/usr/local/bin/npm" "install"
232 error node v6.0.0
233 error npm  v3.8.6
234 error path /Users/alex/dev/mist/node_modules/web3
235 error code EISGIT
236 error git /Users/alex/dev/mist/node_modules/web3: Appears to be a git repo or submodule.
237 error git /Users/alex/dev/mist/node_modules/web3
238 error git Refusing to remove it. Update manually,
238 error git or move it out of the way first.
239 verbose exit [ 1, true ]
